     pcost       dcost       gap    pres   dres
 0: -9.9716e+01 -2.9866e+02  2e+03  4e+01  2e+00
 1: -1.1900e+02 -3.9010e+02  1e+03  2e+01  1e+00
 2: -1.6719e+02 -4.9249e+02  8e+02  1e+01  7e-01
 3: -2.1085e+02 -5.3855e+02  8e+02  1e+01  6e-01
 4: -4.0641e+02 -6.8304e+02  6e+02  8e+00  4e-01
 5: -5.5362e+02 -7.9935e+02  4e+02  2e+00  1e-01
 6: -5.3804e+02 -7.3276e+02  2e+02  3e-03  2e-04
 7: -6.6821e+02 -7.0405e+02  4e+01  5e-04  2e-05
 8: -6.8416e+02 -7.0049e+02  2e+01  1e-12  3e-13
 9: -6.9910e+02 -6.9973e+02  6e-01  4e-14  3e-13
10: -6.9971e+02 -6.9971e+02  6e-03  3e-13  3e-13
11: -6.9971e+02 -6.9971e+02  6e-05  4e-13  3e-13
Optimal solution found.
     pcost       dcost       gap    pres   dres
 0: -9.9716e+01 -2.9866e+02  2e+03  4e+01  2e+00
 1: -1.1900e+02 -3.9010e+02  1e+03  2e+01  1e+00
 2: -1.6719e+02 -4.9249e+02  8e+02  1e+01  7e-01
 3: -2.1085e+02 -5.3855e+02  8e+02  1e+01  6e-01
 4: -4.0641e+02 -6.8304e+02  6e+02  8e+00  4e-01
 5: -5.5362e+02 -7.9935e+02  4e+02  2e+00  1e-01
 6: -5.3804e+02 -7.3276e+02  2e+02  3e-03  2e-04
 7: -6.6821e+02 -7.0405e+02  4e+01  5e-04  2e-05
 8: -6.8416e+02 -7.0049e+02  2e+01  1e-12  3e-13
 9: -6.9910e+02 -6.9973e+02  6e-01  4e-14  3e-13
10: -6.9971e+02 -6.9971e+02  6e-03  3e-13  3e-13
11: -6.9971e+02 -6.9971e+02  6e-05  4e-13  3e-13
Optimal solution found.
     pcost       dcost       gap    pres   dres
 0: -9.9716e+01 -2.9866e+02  2e+03  4e+01  2e+00
 1: -1.1900e+02 -3.9010e+02  1e+03  2e+01  1e+00
 2: -1.6719e+02 -4.9249e+02  8e+02  1e+01  7e-01
 3: -2.1085e+02 -5.3855e+02  8e+02  1e+01  6e-01
 4: -4.0641e+02 -6.8304e+02  6e+02  8e+00  4e-01
 5: -5.5362e+02 -7.9935e+02  4e+02  2e+00  1e-01
 6: -5.3804e+02 -7.3276e+02  2e+02  3e-03  2e-04
 7: -6.6821e+02 -7.0405e+02  4e+01  5e-04  2e-05
 8: -6.8416e+02 -7.0049e+02  2e+01  1e-12  3e-13
 9: -6.9910e+02 -6.9973e+02  6e-01  4e-14  3e-13
10: -6.9971e+02 -6.9971e+02  6e-03  3e-13  3e-13
11: -6.9971e+02 -6.9971e+02  6e-05  4e-13  3e-13
Optimal solution found.
     pcost       dcost       gap    pres   dres
 0: -9.9716e+01 -2.9866e+02  2e+03  4e+01  2e+00
 1: -1.1900e+02 -3.9010e+02  1e+03  2e+01  1e+00
 2: -1.6719e+02 -4.9249e+02  8e+02  1e+01  7e-01
 3: -2.1085e+02 -5.3855e+02  8e+02  1e+01  6e-01
 4: -4.0641e+02 -6.8304e+02  6e+02  8e+00  4e-01
 5: -5.5362e+02 -7.9935e+02  4e+02  2e+00  1e-01
 6: -5.3804e+02 -7.3276e+02  2e+02  3e-03  2e-04
 7: -6.6821e+02 -7.0405e+02  4e+01  5e-04  2e-05
 8: -6.8416e+02 -7.0049e+02  2e+01  1e-12  3e-13
 9: -6.9910e+02 -6.9973e+02  6e-01  4e-14  3e-13
10: -6.9971e+02 -6.9971e+02  6e-03  3e-13  3e-13
11: -6.9971e+02 -6.9971e+02  6e-05  4e-13  3e-13
Optimal solution found.
     pcost       dcost       gap    pres   dres
 0: -9.9716e+01 -2.9866e+02  2e+03  4e+01  2e+00
 1: -1.1900e+02 -3.9010e+02  1e+03  2e+01  1e+00
 2: -1.6719e+02 -4.9249e+02  8e+02  1e+01  7e-01
 3: -2.1085e+02 -5.3855e+02  8e+02  1e+01  6e-01
 4: -4.0641e+02 -6.8304e+02  6e+02  8e+00  4e-01
 5: -5.5362e+02 -7.9935e+02  4e+02  2e+00  1e-01
 6: -5.3804e+02 -7.3276e+02  2e+02  3e-03  2e-04
 7: -6.6821e+02 -7.0405e+02  4e+01  5e-04  2e-05
 8: -6.8416e+02 -7.0049e+02  2e+01  1e-12  3e-13
 9: -6.9910e+02 -6.9973e+02  6e-01  4e-14  3e-13
10: -6.9971e+02 -6.9971e+02  6e-03  3e-13  3e-13
11: -6.9971e+02 -6.9971e+02  6e-05  4e-13  3e-13
Optimal solution found.
     pcost       dcost       gap    pres   dres
 0: -9.9716e+01 -2.9866e+02  2e+03  4e+01  2e+00
 1: -1.1900e+02 -3.9010e+02  1e+03  2e+01  1e+00
 2: -1.6719e+02 -4.9249e+02  8e+02  1e+01  7e-01
 3: -2.1085e+02 -5.3855e+02  8e+02  1e+01  6e-01
 4: -4.0641e+02 -6.8304e+02  6e+02  8e+00  4e-01
 5: -5.5362e+02 -7.9935e+02  4e+02  2e+00  1e-01
 6: -5.3804e+02 -7.3276e+02  2e+02  3e-03  2e-04
 7: -6.6821e+02 -7.0405e+02  4e+01  5e-04  2e-05
 8: -6.8416e+02 -7.0049e+02  2e+01  1e-12  3e-13
 9: -6.9910e+02 -6.9973e+02  6e-01  4e-14  3e-13
10: -6.9971e+02 -6.9971e+02  6e-03  3e-13  3e-13
11: -6.9971e+02 -6.9971e+02  6e-05  4e-13  3e-13
Optimal solution found.
     pcost       dcost       gap    pres   dres
 0: -9.9716e+01 -2.9866e+02  2e+03  4e+01  2e+00
 1: -1.1900e+02 -3.9010e+02  1e+03  2e+01  1e+00
 2: -1.6719e+02 -4.9249e+02  8e+02  1e+01  7e-01
 3: -2.1085e+02 -5.3855e+02  8e+02  1e+01  6e-01
 4: -4.0641e+02 -6.8304e+02  6e+02  8e+00  4e-01
 5: -5.5362e+02 -7.9935e+02  4e+02  2e+00  1e-01
 6: -5.3804e+02 -7.3276e+02  2e+02  3e-03  2e-04
 7: -6.6821e+02 -7.0405e+02  4e+01  5e-04  2e-05
 8: -6.8416e+02 -7.0049e+02  2e+01  1e-12  3e-13
 9: -6.9910e+02 -6.9973e+02  6e-01  4e-14  3e-13
10: -6.9971e+02 -6.9971e+02  6e-03  3e-13  3e-13
11: -6.9971e+02 -6.9971e+02  6e-05  4e-13  3e-13
Optimal solution found.
     pcost       dcost       gap    pres   dres
 0: -9.9716e+01 -2.9866e+02  2e+03  4e+01  2e+00
 1: -1.1900e+02 -3.9010e+02  1e+03  2e+01  1e+00
 2: -1.6719e+02 -4.9249e+02  8e+02  1e+01  7e-01
 3: -2.1085e+02 -5.3855e+02  8e+02  1e+01  6e-01
 4: -4.0641e+02 -6.8304e+02  6e+02  8e+00  4e-01
 5: -5.5362e+02 -7.9935e+02  4e+02  2e+00  1e-01
 6: -5.3804e+02 -7.3276e+02  2e+02  3e-03  2e-04
 7: -6.6821e+02 -7.0405e+02  4e+01  5e-04  2e-05
 8: -6.8416e+02 -7.0049e+02  2e+01  1e-12  3e-13
 9: -6.9910e+02 -6.9973e+02  6e-01  4e-14  3e-13
10: -6.9971e+02 -6.9971e+02  6e-03  3e-13  3e-13
11: -6.9971e+02 -6.9971e+02  6e-05  4e-13  3e-13
Optimal solution found.
     pcost       dcost       gap    pres   dres
 0: -9.9716e+01 -2.9866e+02  2e+03  4e+01  2e+00
 1: -1.1900e+02 -3.9010e+02  1e+03  2e+01  1e+00
 2: -1.6719e+02 -4.9249e+02  8e+02  1e+01  7e-01
 3: -2.1085e+02 -5.3855e+02  8e+02  1e+01  6e-01
 4: -4.0641e+02 -6.8304e+02  6e+02  8e+00  4e-01
 5: -5.5362e+02 -7.9935e+02  4e+02  2e+00  1e-01
 6: -5.3804e+02 -7.3276e+02  2e+02  3e-03  2e-04
 7: -6.6821e+02 -7.0405e+02  4e+01  5e-04  2e-05
 8: -6.8416e+02 -7.0049e+02  2e+01  1e-12  3e-13
 9: -6.9910e+02 -6.9973e+02  6e-01  4e-14  3e-13
10: -6.9971e+02 -6.9971e+02  6e-03  3e-13  3e-13
11: -6.9971e+02 -6.9971e+02  6e-05  4e-13  3e-13
Optimal solution found.
     pcost       dcost       gap    pres   dres
 0: -9.9716e+01 -2.9866e+02  2e+03  4e+01  2e+00
 1: -1.1900e+02 -3.9010e+02  1e+03  2e+01  1e+00
 2: -1.6719e+02 -4.9249e+02  8e+02  1e+01  7e-01
 3: -2.1085e+02 -5.3855e+02  8e+02  1e+01  6e-01
 4: -4.0641e+02 -6.8304e+02  6e+02  8e+00  4e-01
 5: -5.5362e+02 -7.9935e+02  4e+02  2e+00  1e-01
 6: -5.3804e+02 -7.3276e+02  2e+02  3e-03  2e-04
 7: -6.6821e+02 -7.0405e+02  4e+01  5e-04  2e-05
 8: -6.8416e+02 -7.0049e+02  2e+01  1e-12  3e-13
 9: -6.9910e+02 -6.9973e+02  6e-01  4e-14  3e-13
10: -6.9971e+02 -6.9971e+02  6e-03  3e-13  3e-13
11: -6.9971e+02 -6.9971e+02  6e-05  4e-13  3e-13
Optimal solution found.
10 loops, best of 1: 37.6 sec per loop
